mode: set
github.com/jeffotoni/gsubstr/gsubstr.go:8.57,10.19 2 1
github.com/jeffotoni/gsubstr/gsubstr.go:13.2,13.20 1 1
github.com/jeffotoni/gsubstr/gsubstr.go:26.2,26.14 1 1
github.com/jeffotoni/gsubstr/gsubstr.go:36.2,36.23 1 1
github.com/jeffotoni/gsubstr/gsubstr.go:40.2,41.23 2 1
github.com/jeffotoni/gsubstr/gsubstr.go:44.2,44.25 1 1
github.com/jeffotoni/gsubstr/gsubstr.go:10.19,12.3 1 0
github.com/jeffotoni/gsubstr/gsubstr.go:13.20,14.15 1 1
github.com/jeffotoni/gsubstr/gsubstr.go:14.15,16.25 2 1
github.com/jeffotoni/gsubstr/gsubstr.go:16.25,18.5 1 1
github.com/jeffotoni/gsubstr/gsubstr.go:19.9,21.4 1 1
github.com/jeffotoni/gsubstr/gsubstr.go:22.8,24.3 1 1
github.com/jeffotoni/gsubstr/gsubstr.go:26.14,28.24 2 1
github.com/jeffotoni/gsubstr/gsubstr.go:28.24,30.4 1 1
github.com/jeffotoni/gsubstr/gsubstr.go:30.9,33.4 2 1
github.com/jeffotoni/gsubstr/gsubstr.go:36.23,38.3 1 1
github.com/jeffotoni/gsubstr/gsubstr.go:41.23,43.3 1 1
github.com/jeffotoni/gsubstr/gsubstr.go:47.49,48.27 1 1
github.com/jeffotoni/gsubstr/gsubstr.go:74.2,74.13 1 1
github.com/jeffotoni/gsubstr/gsubstr.go:48.27,51.3 2 1
github.com/jeffotoni/gsubstr/gsubstr.go:51.8,51.33 1 1
github.com/jeffotoni/gsubstr/gsubstr.go:51.33,54.3 2 1
github.com/jeffotoni/gsubstr/gsubstr.go:54.8,54.33 1 1
github.com/jeffotoni/gsubstr/gsubstr.go:54.33,57.25 3 1
github.com/jeffotoni/gsubstr/gsubstr.go:62.3,62.24 1 1
github.com/jeffotoni/gsubstr/gsubstr.go:65.3,67.24 3 1
github.com/jeffotoni/gsubstr/gsubstr.go:72.3,72.14 1 1
github.com/jeffotoni/gsubstr/gsubstr.go:57.25,59.4 1 1
github.com/jeffotoni/gsubstr/gsubstr.go:59.9,61.4 1 1
github.com/jeffotoni/gsubstr/gsubstr.go:62.24,64.4 1 0
github.com/jeffotoni/gsubstr/gsubstr.go:67.24,69.4 1 1
github.com/jeffotoni/gsubstr/gsubstr.go:69.9,71.4 1 1
